<?xml version="1.0" encoding="UTF-8"?>
<!-- Generated by org.testng.reporters.JUnitReportReporter -->
<testsuite hostname="DJ" failures="0" tests="1" name="TestScripts.Screenshots" time="47.086" errors="0" timestamp="2024-06-25T18:56:30 IST" skipped="0">
  <testcase classname="TestScripts.Screenshots" name="AdddtoCart" time="47.086"/>
  <system-out/>
</testsuite> <!-- TestScripts.Screenshots -->
