<?xml version="1.0" encoding="UTF-8"?>
<!-- Generated by org.testng.reporters.JUnitReportReporter -->
<testsuite hostname="DJ" failures="0" tests="2" name="AnnotationOfTestNG.AddtoPrice" time="76.617" errors="0" timestamp="2024-06-28T16:27:27 IST" skipped="0">
  <testcase classname="AnnotationOfTestNG.AddtoPrice" name="Addtocart" time="34.924"/>
  <system-out>
    <![CDATA[20.00
Price is a displayed]]>
  </system-out>
  <testcase classname="AnnotationOfTestNG.AddtoPrice" name="Addtocart" time="41.693"/>
  <system-out>
    <![CDATA[20.00
Price is a displayed]]>
  </system-out>
</testsuite> <!-- AnnotationOfTestNG.AddtoPrice -->
