<?xml version="1.0" encoding="UTF-8"?>
<!-- Generated by org.testng.reporters.JUnitReportReporter -->
<testsuite hostname="DJ" failures="0" tests="1" name="TestScripts.Price" time="29.165" errors="0" timestamp="2024-06-25T21:28:40 IST" skipped="0">
  <testcase classname="TestScripts.Price" name="AdddtoCart" time="29.165"/>
  <system-out>
    <![CDATA[10.00
Price is a displayed]]>
  </system-out>
</testsuite> <!-- TestScripts.Price -->
