<?xml version="1.0" encoding="UTF-8"?>
<!-- Generated by org.testng.reporters.JUnitReportReporter -->
<testsuite hostname="DJ" failures="0" tests="1" name="TestScripts.AddtoCart" time="402.142" errors="0" timestamp="2024-06-25T17:48:11 IST" skipped="0">
  <testcase classname="TestScripts.AddtoCart" name="AdddtoCart" time="402.142"/>
  <system-out>
    <![CDATA[AddtoCart is displayed]]>
  </system-out>
</testsuite> <!-- TestScripts.AddtoCart -->
