<?xml version="1.0" encoding="UTF-8"?>
<!-- Generated by org.testng.reporters.JUnitReportReporter -->
<testsuite hostname="DJ" failures="0" tests="3" name="DependsofMethod.DependsOfMethod" time="0.052" errors="0" timestamp="2024-06-26T15:02:30 IST" skipped="0">
  <testcase classname="DependsofMethod.DependsOfMethod" name="register" time="0.007"/>
  <system-out>
    <![CDATA[Register]]>
  </system-out>
  <testcase classname="DependsofMethod.DependsOfMethod" name="login" time="0.006"/>
  <system-out>
    <![CDATA[Login]]>
  </system-out>
  <testcase classname="DependsofMethod.DependsOfMethod" name="openBrowser" time="0.039"/>
  <system-out>
    <![CDATA[Open Browser]]>
  </system-out>
</testsuite> <!-- DependsofMethod.DependsOfMethod -->
