<?xml version="1.0" encoding="UTF-8"?>
<!-- Generated by org.testng.reporters.JUnitReportReporter -->
<testsuite hostname="DJ" failures="0" tests="3" name="Priority.Priority" time="0.047" errors="0" timestamp="2024-06-26T14:52:16 IST" skipped="0">
  <testcase classname="Priority.Priority" name="openBrowser" time="0.036"/>
  <system-out>
    <![CDATA[Open Browser]]>
  </system-out>
  <testcase classname="Priority.Priority" name="login" time="0.006"/>
  <system-out>
    <![CDATA[Login]]>
  </system-out>
  <testcase classname="Priority.Priority" name="register" time="0.005"/>
  <system-out>
    <![CDATA[Register]]>
  </system-out>
</testsuite> <!-- Priority.Priority -->
