<?xml version="1.0" encoding="UTF-8"?>
<!-- Generated by org.testng.reporters.JUnitReportReporter -->
<testsuite hostname="DJ" failures="0" tests="17" name="Invocation.InvocationCount" time="0.109" errors="0" timestamp="2024-06-26T15:33:39 IST" skipped="0">
  <testcase classname="Invocation.InvocationCount" name="register" time="0.004"/>
  <system-out>
    <![CDATA[Register]]>
  </system-out>
  <testcase classname="Invocation.InvocationCount" name="register" time="0.004"/>
  <system-out>
    <![CDATA[Register]]>
  </system-out>
  <testcase classname="Invocation.InvocationCount" name="register" time="0.003"/>
  <system-out>
    <![CDATA[Register]]>
  </system-out>
  <testcase classname="Invocation.InvocationCount" name="register" time="0.005"/>
  <system-out>
    <![CDATA[Register]]>
  </system-out>
  <testcase classname="Invocation.InvocationCount" name="openBrowser" time="0.004"/>
  <system-out>
    <![CDATA[Open Browser]]>
  </system-out>
  <testcase classname="Invocation.InvocationCount" name="register" time="0.010"/>
  <system-out>
    <![CDATA[Register]]>
  </system-out>
  <testcase classname="Invocation.InvocationCount" name="register" time="0.003"/>
  <system-out>
    <![CDATA[Register]]>
  </system-out>
  <testcase classname="Invocation.InvocationCount" name="register" time="0.003"/>
  <system-out>
    <![CDATA[Register]]>
  </system-out>
  <testcase classname="Invocation.InvocationCount" name="register" time="0.004"/>
  <system-out>
    <![CDATA[Register]]>
  </system-out>
  <testcase classname="Invocation.InvocationCount" name="register" time="0.008"/>
  <system-out>
    <![CDATA[Register]]>
  </system-out>
  <testcase classname="Invocation.InvocationCount" name="register" time="0.003"/>
  <system-out>
    <![CDATA[Register]]>
  </system-out>
  <testcase classname="Invocation.InvocationCount" name="register" time="0.007"/>
  <system-out>
    <![CDATA[Register]]>
  </system-out>
  <testcase classname="Invocation.InvocationCount" name="register" time="0.004"/>
  <system-out>
    <![CDATA[Register]]>
  </system-out>
  <testcase classname="Invocation.InvocationCount" name="register" time="0.004"/>
  <system-out>
    <![CDATA[Register]]>
  </system-out>
  <testcase classname="Invocation.InvocationCount" name="login" time="0.034"/>
  <system-out>
    <![CDATA[Login]]>
  </system-out>
  <testcase classname="Invocation.InvocationCount" name="register" time="0.004"/>
  <system-out>
    <![CDATA[Register]]>
  </system-out>
  <testcase classname="Invocation.InvocationCount" name="register" time="0.005"/>
  <system-out>
    <![CDATA[Register]]>
  </system-out>
</testsuite> <!-- Invocation.InvocationCount -->
