<?xml version="1.0" encoding="UTF-8"?>
<!-- Generated by org.testng.reporters.JUnitReportReporter -->
<testsuite hostname="DJ" failures="0" tests="2" name="AnnotationOfTestNG.AddtoCartBase" time="38.502" errors="0" timestamp="2024-06-28T16:27:27 IST" skipped="0">
  <testcase classname="AnnotationOfTestNG.AddtoCartBase" name="Addtocart" time="15.220"/>
  <system-out/>
  <testcase classname="AnnotationOfTestNG.AddtoCartBase" name="Addtocart" time="23.282"/>
  <system-out/>
</testsuite> <!-- AnnotationOfTestNG.AddtoCartBase -->
