<?xml version="1.0" encoding="UTF-8"?>
<!-- Generated by org.testng.reporters.JUnitReportReporter -->
<testsuite hostname="DJ" failures="0" tests="1" name="TestScripts.AddAddress" time="44.142" errors="0" timestamp="2024-06-25T17:59:18 IST" skipped="0">
  <testcase classname="TestScripts.AddAddress" name="AdddtoCart" time="44.142"/>
  <system-out>
    <![CDATA[Account New Address]]>
  </system-out>
</testsuite> <!-- TestScripts.AddAddress -->
