<?xml version="1.0" encoding="UTF-8"?>
<!-- Generated by org.testng.reporters.JUnitReportReporter -->
<testsuite hostname="DJ" failures="0" tests="1" name="DummyPackage.DummyClass" time="0.046" errors="0" timestamp="2024-06-25T16:00:01 IST" skipped="0">
  <testcase classname="DummyPackage.DummyClass" name="DummyPackage" time="0.046"/>
  <system-out>
    <![CDATA[Dummy Execution]]>
  </system-out>
</testsuite> <!-- DummyPackage.DummyClass -->
