<?xml version="1.0" encoding="UTF-8"?>
<!-- Generated by org.testng.reporters.JUnitReportReporter -->
<testsuite hostname="DJ" failures="0" tests="3" name="EnableIsEqualtoFalse.EnableIsEqualToFalse" time="0.042" errors="0" timestamp="2024-06-26T15:49:22 IST" skipped="1">
  <testcase classname="EnableIsEqualtoFalse.EnableIsEqualToFalse" name="openBrowser" time="0.005"/>
  <system-out>
    <![CDATA[Open Browser]]>
  </system-out>
  <testcase classname="EnableIsEqualtoFalse.EnableIsEqualToFalse" name="login" time="0.037"/>
  <system-out>
    <![CDATA[Login]]>
  </system-out>
  <testcase classname="EnableIsEqualtoFalse.EnableIsEqualToFalse" name="register">
    <skipped/>
  </testcase> <!-- register -->
  <system-out/>
</testsuite> <!-- EnableIsEqualtoFalse.EnableIsEqualToFalse -->
