<?xml version="1.0" encoding="UTF-8"?>
<!-- Generated by org.testng.reporters.JUnitReportReporter -->
<testsuite hostname="DJ" failures="0" tests="4" name="DependsOnMethod.DependsOnMethod" time="0.101" errors="0" timestamp="2024-06-26T15:28:27 IST" skipped="0">
  <testcase classname="DependsOnMethod.DependsOnMethod" name="efg" time="0.074"/>
  <system-out>
    <![CDATA[egf]]>
  </system-out>
  <testcase classname="DependsOnMethod.DependsOnMethod" name="abc" time="0.012"/>
  <system-out>
    <![CDATA[abc]]>
  </system-out>
  <testcase classname="DependsOnMethod.DependsOnMethod" name="mno" time="0.009"/>
  <system-out>
    <![CDATA[mno]]>
  </system-out>
  <testcase classname="DependsOnMethod.DependsOnMethod" name="xyz" time="0.006"/>
  <system-out>
    <![CDATA[xyz]]>
  </system-out>
</testsuite> <!-- DependsOnMethod.DependsOnMethod -->
